<?xml version="1.0" encoding="UTF-8"?>
<!-- Generated by org.testng.reporters.JUnitReportReporter -->
<testsuite hostname="DESKTOP-N749LR5" failures="0" tests="1" name="AutomationExtentReport.ExtentReportDemo" time="8.702" errors="0" timestamp="2024-05-23T23:29:09 EDT" skipped="0">
  <testcase classname="AutomationExtentReport.ExtentReportDemo" name="initialDemo" time="8.702"/>
</testsuite> <!-- AutomationExtentReport.ExtentReportDemo -->
